<?xml version="1.0" encoding="UTF-8"?>
<!-- Generated by org.testng.reporters.JUnitReportReporter -->
<testsuite skipped="0" hostname="Nata-PC" name="org.testcases.LoginTest" tests="2" failures="0" timestamp="01 Oct 2019 11:22:31 GMT" time="48.853" errors="0">
  <testcase name="intiteLogin" time="22.767" classname="org.testcases.LoginTest"/>
  <testcase name="login" time="26.086" classname="org.testcases.LoginTest"/>
</testsuite> <!-- org.testcases.LoginTest -->
